<?xml version="1.0" encoding="UTF-8"?>
<testsuite xmlns:xsi="http://www.w3.org/2001/XMLSchema-instance" xsi:noNamespaceSchemaLocation="https://maven.apache.org/surefire/maven-surefire-plugin/xsd/surefire-test-report.xsd" name="TestSuite" time="28.846" tests="20" errors="0" skipped="0" failures="0">
  <properties>
    <property name="java.specification.version" value="15"/>
    <property name="sun.cpu.isalist" value="amd64"/>
    <property name="sun.jnu.encoding" value="Cp1252"/>
    <property name="java.class.path" value="D:\java\Workspace\FoodBoxATAppln\target\test-classes;D:\java\Workspace\FoodBoxATAppln\target\classes;C:\Users\Durga.S\.m2\repository\junit\junit\4.11\junit-4.11.jar;C:\Users\Durga.S\.m2\repository\org\hamcrest\hamcrest-core\1.3\hamcrest-core-1.3.jar;C:\Users\Durga.S\.m2\repository\org\seleniumhq\selenium\selenium-java\2.45.0\selenium-java-2.45.0.jar;C:\Users\Durga.S\.m2\repository\org\seleniumhq\selenium\selenium-chrome-driver\2.45.0\selenium-chrome-driver-2.45.0.jar;C:\Users\Durga.S\.m2\repository\org\seleniumhq\selenium\selenium-remote-driver\2.45.0\selenium-remote-driver-2.45.0.jar;C:\Users\Durga.S\.m2\repository\cglib\cglib-nodep\2.1_3\cglib-nodep-2.1_3.jar;C:\Users\Durga.S\.m2\repository\com\google\code\gson\gson\2.3.1\gson-2.3.1.jar;C:\Users\Durga.S\.m2\repository\org\seleniumhq\selenium\selenium-api\2.45.0\selenium-api-2.45.0.jar;C:\Users\Durga.S\.m2\repository\com\google\guava\guava\18.0\guava-18.0.jar;C:\Users\Durga.S\.m2\repository\org\seleniumhq\selenium\selenium-htmlunit-driver\2.45.0\selenium-htmlunit-driver-2.45.0.jar;C:\Users\Durga.S\.m2\repository\net\sourceforge\htmlunit\htmlunit\2.15\htmlunit-2.15.jar;C:\Users\Durga.S\.m2\repository\xalan\xalan\2.7.1\xalan-2.7.1.jar;C:\Users\Durga.S\.m2\repository\xalan\serializer\2.7.1\serializer-2.7.1.jar;C:\Users\Durga.S\.m2\repository\commons-collections\commons-collections\3.2.1\commons-collections-3.2.1.jar;C:\Users\Durga.S\.m2\repository\org\apache\commons\commons-lang3\3.3.2\commons-lang3-3.3.2.jar;C:\Users\Durga.S\.m2\repository\org\apache\httpcomponents\httpmime\4.3.3\httpmime-4.3.3.jar;C:\Users\Durga.S\.m2\repository\commons-codec\commons-codec\1.9\commons-codec-1.9.jar;C:\Users\Durga.S\.m2\repository\net\sourceforge\htmlunit\htmlunit-core-js\2.15\htmlunit-core-js-2.15.jar;C:\Users\Durga.S\.m2\repository\xerces\xercesImpl\2.11.0\xercesImpl-2.11.0.jar;C:\Users\Durga.S\.m2\repository\xml-apis\xml-apis\1.4.01\xml-apis-1.4.01.jar;C:\Users\Durga.S\.m2\repository\net\sourceforge\nekohtml\nekohtml\1.9.21\nekohtml-1.9.21.jar;C:\Users\Durga.S\.m2\repository\net\sourceforge\cssparser\cssparser\0.9.14\cssparser-0.9.14.jar;C:\Users\Durga.S\.m2\repository\org\w3c\css\sac\1.3\sac-1.3.jar;C:\Users\Durga.S\.m2\repository\commons-logging\commons-logging\1.1.3\commons-logging-1.1.3.jar;C:\Users\Durga.S\.m2\repository\org\eclipse\jetty\jetty-websocket\8.1.15.v20140411\jetty-websocket-8.1.15.v20140411.jar;C:\Users\Durga.S\.m2\repository\org\eclipse\jetty\jetty-util\8.1.15.v20140411\jetty-util-8.1.15.v20140411.jar;C:\Users\Durga.S\.m2\repository\org\eclipse\jetty\jetty-io\8.1.15.v20140411\jetty-io-8.1.15.v20140411.jar;C:\Users\Durga.S\.m2\repository\org\eclipse\jetty\jetty-http\8.1.15.v20140411\jetty-http-8.1.15.v20140411.jar;C:\Users\Durga.S\.m2\repository\org\apache\httpcomponents\httpclient\4.3.6\httpclient-4.3.6.jar;C:\Users\Durga.S\.m2\repository\org\apache\httpcomponents\httpcore\4.3.3\httpcore-4.3.3.jar;C:\Users\Durga.S\.m2\repository\org\seleniumhq\selenium\selenium-firefox-driver\2.45.0\selenium-firefox-driver-2.45.0.jar;C:\Users\Durga.S\.m2\repository\commons-io\commons-io\2.4\commons-io-2.4.jar;C:\Users\Durga.S\.m2\repository\org\apache\commons\commons-exec\1.1\commons-exec-1.1.jar;C:\Users\Durga.S\.m2\repository\org\seleniumhq\selenium\selenium-ie-driver\2.45.0\selenium-ie-driver-2.45.0.jar;C:\Users\Durga.S\.m2\repository\net\java\dev\jna\jna\3.4.0\jna-3.4.0.jar;C:\Users\Durga.S\.m2\repository\net\java\dev\jna\platform\3.4.0\platform-3.4.0.jar;C:\Users\Durga.S\.m2\repository\org\seleniumhq\selenium\selenium-safari-driver\2.45.0\selenium-safari-driver-2.45.0.jar;C:\Users\Durga.S\.m2\repository\org\seleniumhq\selenium\selenium-support\2.45.0\selenium-support-2.45.0.jar;C:\Users\Durga.S\.m2\repository\org\webbitserver\webbit\0.4.14\webbit-0.4.14.jar;C:\Users\Durga.S\.m2\repository\io\netty\netty\3.5.2.Final\netty-3.5.2.Final.jar;C:\Users\Durga.S\.m2\repository\org\seleniumhq\selenium\selenium-leg-rc\2.45.0\selenium-leg-rc-2.45.0.jar;C:\Users\Durga.S\.m2\repository\org\testng\testng\6.14.2\testng-6.14.2.jar;C:\Users\Durga.S\.m2\repository\com\beust\jcommander\1.72\jcommander-1.72.jar;C:\Users\Durga.S\.m2\repository\org\apache-extras\beanshell\bsh\2.0b6\bsh-2.0b6.jar;"/>
    <property name="java.vm.vendor" value="Oracle Corporation"/>
    <property name="sun.arch.data.model" value="64"/>
    <property name="user.variant" value=""/>
    <property name="java.vendor.url" value="https://java.oracle.com/"/>
    <property name="user.timezone" value="Asia/Dubai"/>
    <property name="os.name" value="Windows 10"/>
    <property name="java.vm.specification.version" value="15"/>
    <property name="sun.java.launcher" value="SUN_STANDARD"/>
    <property name="user.country" value="AE"/>
    <property name="sun.boot.library.path" value="C:\SOFTWARE\sts-4.10.0.RELEASE\plugins\org.eclipse.justj.openjdk.hotspot.jre.full.win32.x86_64_15.0.2.v20210201-0955\jre\bin"/>
    <property name="sun.java.command" value="C:\Users\Durga.S\AppData\Local\Temp\surefire13304178461537809907\surefirebooter1845369989919092509.jar C:\Users\Durga.S\AppData\Local\Temp\surefire13304178461537809907 2021-10-13T00-12-03_524-jvmRun1 surefire17247246171706711958tmp surefire_08320675897950604014tmp"/>
    <property name="jdk.debug" value="release"/>
    <property name="surefire.test.class.path" value="D:\java\Workspace\FoodBoxATAppln\target\test-classes;D:\java\Workspace\FoodBoxATAppln\target\classes;C:\Users\Durga.S\.m2\repository\junit\junit\4.11\junit-4.11.jar;C:\Users\Durga.S\.m2\repository\org\hamcrest\hamcrest-core\1.3\hamcrest-core-1.3.jar;C:\Users\Durga.S\.m2\repository\org\seleniumhq\selenium\selenium-java\2.45.0\selenium-java-2.45.0.jar;C:\Users\Durga.S\.m2\repository\org\seleniumhq\selenium\selenium-chrome-driver\2.45.0\selenium-chrome-driver-2.45.0.jar;C:\Users\Durga.S\.m2\repository\org\seleniumhq\selenium\selenium-remote-driver\2.45.0\selenium-remote-driver-2.45.0.jar;C:\Users\Durga.S\.m2\repository\cglib\cglib-nodep\2.1_3\cglib-nodep-2.1_3.jar;C:\Users\Durga.S\.m2\repository\com\google\code\gson\gson\2.3.1\gson-2.3.1.jar;C:\Users\Durga.S\.m2\repository\org\seleniumhq\selenium\selenium-api\2.45.0\selenium-api-2.45.0.jar;C:\Users\Durga.S\.m2\repository\com\google\guava\guava\18.0\guava-18.0.jar;C:\Users\Durga.S\.m2\repository\org\seleniumhq\selenium\selenium-htmlunit-driver\2.45.0\selenium-htmlunit-driver-2.45.0.jar;C:\Users\Durga.S\.m2\repository\net\sourceforge\htmlunit\htmlunit\2.15\htmlunit-2.15.jar;C:\Users\Durga.S\.m2\repository\xalan\xalan\2.7.1\xalan-2.7.1.jar;C:\Users\Durga.S\.m2\repository\xalan\serializer\2.7.1\serializer-2.7.1.jar;C:\Users\Durga.S\.m2\repository\commons-collections\commons-collections\3.2.1\commons-collections-3.2.1.jar;C:\Users\Durga.S\.m2\repository\org\apache\commons\commons-lang3\3.3.2\commons-lang3-3.3.2.jar;C:\Users\Durga.S\.m2\repository\org\apache\httpcomponents\httpmime\4.3.3\httpmime-4.3.3.jar;C:\Users\Durga.S\.m2\repository\commons-codec\commons-codec\1.9\commons-codec-1.9.jar;C:\Users\Durga.S\.m2\repository\net\sourceforge\htmlunit\htmlunit-core-js\2.15\htmlunit-core-js-2.15.jar;C:\Users\Durga.S\.m2\repository\xerces\xercesImpl\2.11.0\xercesImpl-2.11.0.jar;C:\Users\Durga.S\.m2\repository\xml-apis\xml-apis\1.4.01\xml-apis-1.4.01.jar;C:\Users\Durga.S\.m2\repository\net\sourceforge\nekohtml\nekohtml\1.9.21\nekohtml-1.9.21.jar;C:\Users\Durga.S\.m2\repository\net\sourceforge\cssparser\cssparser\0.9.14\cssparser-0.9.14.jar;C:\Users\Durga.S\.m2\repository\org\w3c\css\sac\1.3\sac-1.3.jar;C:\Users\Durga.S\.m2\repository\commons-logging\commons-logging\1.1.3\commons-logging-1.1.3.jar;C:\Users\Durga.S\.m2\repository\org\eclipse\jetty\jetty-websocket\8.1.15.v20140411\jetty-websocket-8.1.15.v20140411.jar;C:\Users\Durga.S\.m2\repository\org\eclipse\jetty\jetty-util\8.1.15.v20140411\jetty-util-8.1.15.v20140411.jar;C:\Users\Durga.S\.m2\repository\org\eclipse\jetty\jetty-io\8.1.15.v20140411\jetty-io-8.1.15.v20140411.jar;C:\Users\Durga.S\.m2\repository\org\eclipse\jetty\jetty-http\8.1.15.v20140411\jetty-http-8.1.15.v20140411.jar;C:\Users\Durga.S\.m2\repository\org\apache\httpcomponents\httpclient\4.3.6\httpclient-4.3.6.jar;C:\Users\Durga.S\.m2\repository\org\apache\httpcomponents\httpcore\4.3.3\httpcore-4.3.3.jar;C:\Users\Durga.S\.m2\repository\org\seleniumhq\selenium\selenium-firefox-driver\2.45.0\selenium-firefox-driver-2.45.0.jar;C:\Users\Durga.S\.m2\repository\commons-io\commons-io\2.4\commons-io-2.4.jar;C:\Users\Durga.S\.m2\repository\org\apache\commons\commons-exec\1.1\commons-exec-1.1.jar;C:\Users\Durga.S\.m2\repository\org\seleniumhq\selenium\selenium-ie-driver\2.45.0\selenium-ie-driver-2.45.0.jar;C:\Users\Durga.S\.m2\repository\net\java\dev\jna\jna\3.4.0\jna-3.4.0.jar;C:\Users\Durga.S\.m2\repository\net\java\dev\jna\platform\3.4.0\platform-3.4.0.jar;C:\Users\Durga.S\.m2\repository\org\seleniumhq\selenium\selenium-safari-driver\2.45.0\selenium-safari-driver-2.45.0.jar;C:\Users\Durga.S\.m2\repository\org\seleniumhq\selenium\selenium-support\2.45.0\selenium-support-2.45.0.jar;C:\Users\Durga.S\.m2\repository\org\webbitserver\webbit\0.4.14\webbit-0.4.14.jar;C:\Users\Durga.S\.m2\repository\io\netty\netty\3.5.2.Final\netty-3.5.2.Final.jar;C:\Users\Durga.S\.m2\repository\org\seleniumhq\selenium\selenium-leg-rc\2.45.0\selenium-leg-rc-2.45.0.jar;C:\Users\Durga.S\.m2\repository\org\testng\testng\6.14.2\testng-6.14.2.jar;C:\Users\Durga.S\.m2\repository\com\beust\jcommander\1.72\jcommander-1.72.jar;C:\Users\Durga.S\.m2\repository\org\apache-extras\beanshell\bsh\2.0b6\bsh-2.0b6.jar;"/>
    <property name="sun.cpu.endian" value="little"/>
    <property name="user.home" value="C:\Users\Durga.S"/>
    <property name="user.language" value="en"/>
    <property name="java.specification.vendor" value="Oracle Corporation"/>
    <property name="java.version.date" value="2021-01-19"/>
    <property name="java.home" value="C:\SOFTWARE\sts-4.10.0.RELEASE\plugins\org.eclipse.justj.openjdk.hotspot.jre.full.win32.x86_64_15.0.2.v20210201-0955\jre"/>
    <property name="file.separator" value="\"/>
    <property name="style.color" value="always"/>
    <property name="basedir" value="D:\java\Workspace\FoodBoxATAppln"/>
    <property name="java.vm.compressedOopsMode" value="Zero based"/>
    <property name="line.separator" value="&#10;"/>
    <property name="java.vm.specification.vendor" value="Oracle Corporation"/>
    <property name="java.specification.name" value="Java Platform API Specification"/>
    <property name="surefire.real.class.path" value="C:\Users\Durga.S\AppData\Local\Temp\surefire13304178461537809907\surefirebooter1845369989919092509.jar"/>
    <property name="user.script" value=""/>
    <property name="sun.management.compiler" value="HotSpot 64-Bit Tiered Compilers"/>
    <property name="java.runtime.version" value="15.0.2+7-27"/>
    <property name="user.name" value="Durga.S"/>
    <property name="path.separator" value=";"/>
    <property name="os.version" value="10.0"/>
    <property name="java.runtime.name" value="OpenJDK Runtime Environment"/>
    <property name="file.encoding" value="UTF-8"/>
    <property name="java.vm.name" value="OpenJDK 64-Bit Server VM"/>
    <property name="localRepository" value="C:\Users\Durga.S\.m2\repository"/>
    <property name="java.vendor.url.bug" value="https://bugreport.java.com/bugreport/"/>
    <property name="java.io.tmpdir" value="C:\Users\Durga.S\AppData\Local\Temp\"/>
    <property name="java.version" value="15.0.2"/>
    <property name="user.dir" value="D:\java\Workspace\FoodBoxATAppln"/>
    <property name="os.arch" value="amd64"/>
    <property name="java.vm.specification.name" value="Java Virtual Machine Specification"/>
    <property name="sun.os.patch.level" value=""/>
    <property name="java.library.path" value="C:\SOFTWARE\sts-4.10.0.RELEASE\plugins\org.eclipse.justj.openjdk.hotspot.jre.full.win32.x86_64_15.0.2.v20210201-0955\jre\bin;C:\Windows\Sun\Java\bin;C:\Windows\system32;C:\Windows;C:/SOFTWARE/sts-4.10.0.RELEASE//plugins/org.eclipse.justj.openjdk.hotspot.jre.full.win32.x86_64_15.0.2.v20210201-0955/jre/bin/server;C:/SOFTWARE/sts-4.10.0.RELEASE//plugins/org.eclipse.justj.openjdk.hotspot.jre.full.win32.x86_64_15.0.2.v20210201-0955/jre/bin;C:\Program Files\Common Files\Oracle\Java\javapath;C:\Windows\system32;C:\Windows;C:\Windows\System32\Wbem;C:\Windows\System32\WindowsPowerShell\v1.0\;C:\Windows\System32\OpenSSH\;C:\Program Files\Git\cmd;C:\Program Files\nodejs\;C:\Program Files\MongoDB\Server\5.0\bin;C:\Program Files\MySQL\MySQL Shell 8.0\bin\;C:\Users\Durga.S\AppData\Local\Microsoft\WindowsApps;C:\Windows\System32;;C:\Users\Durga.S\AppData\Local\Programs\Microsoft VS Code\bin;C:\Users\Durga.S\AppData\Roaming\npm;C:\SOFTWARE\sts-4.10.0.RELEASE;;."/>
    <property name="java.vm.info" value="mixed mode"/>
    <property name="java.vendor" value="Oracle Corporation"/>
    <property name="java.vm.version" value="15.0.2+7-27"/>
    <property name="sun.io.unicode.encoding" value="UnicodeLittle"/>
    <property name="java.class.version" value="59.0"/>
  </properties>
  <testcase name="clickAddToCart" classname="com.simplilearn.capstoneproject.FoodBoxATAppln.tests.foodmenuPageTest" time="3.451"/>
  <testcase name="clickCuisine" classname="com.simplilearn.capstoneproject.FoodBoxATAppln.tests.foodmenuPageTest" time="1.068"/>
  <testcase name="clickRedirectToCartPage" classname="com.simplilearn.capstoneproject.FoodBoxATAppln.tests.foodmenuPageTest" time="1.647"/>
  <testcase name="clickandvalidateFoodMenuLink" classname="com.simplilearn.capstoneproject.FoodBoxATAppln.tests.homePageTest" time="0.656"/>
  <testcase name="clickandvalidateLoginLink" classname="com.simplilearn.capstoneproject.FoodBoxATAppln.tests.homePageTest" time="0.708"/>
  <testcase name="clickandvalidateSignupLink" classname="com.simplilearn.capstoneproject.FoodBoxATAppln.tests.homePageTest" time="0.642"/>
  <testcase name="validateAdminLoginWithValidCreds" classname="com.simplilearn.capstoneproject.FoodBoxATAppln.tests.loginPageTest" time="0.882"/>
  <testcase name="validateUserLoginWithInValidCreds" classname="com.simplilearn.capstoneproject.FoodBoxATAppln.tests.loginPageTest" time="0.948"/>
  <testcase name="validateUserLoginWithValidCreds" classname="com.simplilearn.capstoneproject.FoodBoxATAppln.tests.loginPageTest" time="0.773"/>
  <testcase name="addnewCuisine" classname="com.simplilearn.capstoneproject.FoodBoxATAppln.tests.managecuisinesPageTest" time="0.955"/>
  <testcase name="validateFoodname" classname="com.simplilearn.capstoneproject.FoodBoxATAppln.tests.newfoodAddPageTest" time="1.77"/>
  <testcase name="validateFoodprice" classname="com.simplilearn.capstoneproject.FoodBoxATAppln.tests.newfoodAddPageTest" time="1.854"/>
  <testcase name="validateFoodname" classname="com.simplilearn.capstoneproject.FoodBoxATAppln.tests.pwdchangePageTest" time="1.107"/>
  <testcase name="clickCheckout" classname="com.simplilearn.capstoneproject.FoodBoxATAppln.tests.shoppingcartPageTest" time="0.874"/>
  <testcase name="incQtyandCheck" classname="com.simplilearn.capstoneproject.FoodBoxATAppln.tests.shoppingcartPageTest" time="0.93"/>
  <testcase name="registerValidateAddress" classname="com.simplilearn.capstoneproject.FoodBoxATAppln.tests.signupPageTest" time="1.592"/>
  <testcase name="registerValidateContactNo" classname="com.simplilearn.capstoneproject.FoodBoxATAppln.tests.signupPageTest" time="1.686"/>
  <testcase name="searchFooditem" classname="com.simplilearn.capstoneproject.FoodBoxATAppln.tests.foodmenuPageTest" time="1.207"/>
  <testcase name="addExistingCuisine" classname="com.simplilearn.capstoneproject.FoodBoxATAppln.tests.managecuisinesPageTest" time="0.802"/>
  <testcase name="decrQtyandCheck" classname="com.simplilearn.capstoneproject.FoodBoxATAppln.tests.shoppingcartPageTest" time="1.245"/>
</testsuite>