<?xml version="1.0" encoding="UTF-8"?>
<testsuite xmlns:xsi="http://www.w3.org/2001/XMLSchema-instance" xsi:noNamespaceSchemaLocation="https://maven.apache.org/surefire/maven-surefire-plugin/xsd/surefire-test-report.xsd" name="TestSuite" time="25.035" tests="20" errors="0" skipped="0" failures="0">
  <properties>
    <property name="sun.desktop" value="windows"/>
    <property name="awt.toolkit" value="sun.awt.windows.WToolkit"/>
    <property name="java.specification.version" value="11"/>
    <property name="sun.cpu.isalist" value="amd64"/>
    <property name="sun.jnu.encoding" value="Cp1252"/>
    <property name="java.class.path" value="D:\java\Workspace\FoodBoxATAppln\target\test-classes;D:\java\Workspace\FoodBoxATAppln\target\classes;C:\Users\Durga.S\.m2\repository\junit\junit\4.11\junit-4.11.jar;C:\Users\Durga.S\.m2\repository\org\hamcrest\hamcrest-core\1.3\hamcrest-core-1.3.jar;C:\Users\Durga.S\.m2\repository\org\seleniumhq\selenium\selenium-java\2.45.0\selenium-java-2.45.0.jar;C:\Users\Durga.S\.m2\repository\org\seleniumhq\selenium\selenium-chrome-driver\2.45.0\selenium-chrome-driver-2.45.0.jar;C:\Users\Durga.S\.m2\repository\org\seleniumhq\selenium\selenium-remote-driver\2.45.0\selenium-remote-driver-2.45.0.jar;C:\Users\Durga.S\.m2\repository\cglib\cglib-nodep\2.1_3\cglib-nodep-2.1_3.jar;C:\Users\Durga.S\.m2\repository\com\google\code\gson\gson\2.3.1\gson-2.3.1.jar;C:\Users\Durga.S\.m2\repository\org\seleniumhq\selenium\selenium-api\2.45.0\selenium-api-2.45.0.jar;C:\Users\Durga.S\.m2\repository\com\google\guava\guava\18.0\guava-18.0.jar;C:\Users\Durga.S\.m2\repository\org\seleniumhq\selenium\selenium-htmlunit-driver\2.45.0\selenium-htmlunit-driver-2.45.0.jar;C:\Users\Durga.S\.m2\repository\net\sourceforge\htmlunit\htmlunit\2.15\htmlunit-2.15.jar;C:\Users\Durga.S\.m2\repository\xalan\xalan\2.7.1\xalan-2.7.1.jar;C:\Users\Durga.S\.m2\repository\xalan\serializer\2.7.1\serializer-2.7.1.jar;C:\Users\Durga.S\.m2\repository\commons-collections\commons-collections\3.2.1\commons-collections-3.2.1.jar;C:\Users\Durga.S\.m2\repository\org\apache\commons\commons-lang3\3.3.2\commons-lang3-3.3.2.jar;C:\Users\Durga.S\.m2\repository\org\apache\httpcomponents\httpmime\4.3.3\httpmime-4.3.3.jar;C:\Users\Durga.S\.m2\repository\commons-codec\commons-codec\1.9\commons-codec-1.9.jar;C:\Users\Durga.S\.m2\repository\net\sourceforge\htmlunit\htmlunit-core-js\2.15\htmlunit-core-js-2.15.jar;C:\Users\Durga.S\.m2\repository\xerces\xercesImpl\2.11.0\xercesImpl-2.11.0.jar;C:\Users\Durga.S\.m2\repository\xml-apis\xml-apis\1.4.01\xml-apis-1.4.01.jar;C:\Users\Durga.S\.m2\repository\net\sourceforge\nekohtml\nekohtml\1.9.21\nekohtml-1.9.21.jar;C:\Users\Durga.S\.m2\repository\net\sourceforge\cssparser\cssparser\0.9.14\cssparser-0.9.14.jar;C:\Users\Durga.S\.m2\repository\org\w3c\css\sac\1.3\sac-1.3.jar;C:\Users\Durga.S\.m2\repository\commons-logging\commons-logging\1.1.3\commons-logging-1.1.3.jar;C:\Users\Durga.S\.m2\repository\org\eclipse\jetty\jetty-websocket\8.1.15.v20140411\jetty-websocket-8.1.15.v20140411.jar;C:\Users\Durga.S\.m2\repository\org\eclipse\jetty\jetty-util\8.1.15.v20140411\jetty-util-8.1.15.v20140411.jar;C:\Users\Durga.S\.m2\repository\org\eclipse\jetty\jetty-io\8.1.15.v20140411\jetty-io-8.1.15.v20140411.jar;C:\Users\Durga.S\.m2\repository\org\eclipse\jetty\jetty-http\8.1.15.v20140411\jetty-http-8.1.15.v20140411.jar;C:\Users\Durga.S\.m2\repository\org\apache\httpcomponents\httpclient\4.3.6\httpclient-4.3.6.jar;C:\Users\Durga.S\.m2\repository\org\apache\httpcomponents\httpcore\4.3.3\httpcore-4.3.3.jar;C:\Users\Durga.S\.m2\repository\org\seleniumhq\selenium\selenium-firefox-driver\2.45.0\selenium-firefox-driver-2.45.0.jar;C:\Users\Durga.S\.m2\repository\commons-io\commons-io\2.4\commons-io-2.4.jar;C:\Users\Durga.S\.m2\repository\org\apache\commons\commons-exec\1.1\commons-exec-1.1.jar;C:\Users\Durga.S\.m2\repository\org\seleniumhq\selenium\selenium-ie-driver\2.45.0\selenium-ie-driver-2.45.0.jar;C:\Users\Durga.S\.m2\repository\net\java\dev\jna\jna\3.4.0\jna-3.4.0.jar;C:\Users\Durga.S\.m2\repository\net\java\dev\jna\platform\3.4.0\platform-3.4.0.jar;C:\Users\Durga.S\.m2\repository\org\seleniumhq\selenium\selenium-safari-driver\2.45.0\selenium-safari-driver-2.45.0.jar;C:\Users\Durga.S\.m2\repository\org\seleniumhq\selenium\selenium-support\2.45.0\selenium-support-2.45.0.jar;C:\Users\Durga.S\.m2\repository\org\webbitserver\webbit\0.4.14\webbit-0.4.14.jar;C:\Users\Durga.S\.m2\repository\io\netty\netty\3.5.2.Final\netty-3.5.2.Final.jar;C:\Users\Durga.S\.m2\repository\org\seleniumhq\selenium\selenium-leg-rc\2.45.0\selenium-leg-rc-2.45.0.jar;C:\Users\Durga.S\.m2\repository\org\testng\testng\6.14.2\testng-6.14.2.jar;C:\Users\Durga.S\.m2\repository\com\beust\jcommander\1.72\jcommander-1.72.jar;C:\Users\Durga.S\.m2\repository\org\apache-extras\beanshell\bsh\2.0b6\bsh-2.0b6.jar;"/>
    <property name="java.vm.vendor" value="Oracle Corporation"/>
    <property name="sun.arch.data.model" value="64"/>
    <property name="user.variant" value=""/>
    <property name="java.vendor.url" value="https://openjdk.java.net/"/>
    <property name="user.timezone" value="Asia/Muscat"/>
    <property name="java.vm.specification.version" value="11"/>
    <property name="os.name" value="Windows 10"/>
    <property name="sun.java.launcher" value="SUN_STANDARD"/>
    <property name="user.country" value="AE"/>
    <property name="sun.boot.library.path" value="C:\Program Files\Java\jdk-11.0.11\bin"/>
    <property name="sun.java.command" value="C:\Users\Durga.S\AppData\Local\Temp\surefire1895345771784180494\surefirebooter13369653895952052367.jar C:\Users\Durga.S\AppData\Local\Temp\surefire1895345771784180494 2021-10-15T10-03-26_506-jvmRun1 surefire1725123905809439116tmp surefire_01924993681085951794tmp"/>
    <property name="jdk.debug" value="release"/>
    <property name="surefire.test.class.path" value="D:\java\Workspace\FoodBoxATAppln\target\test-classes;D:\java\Workspace\FoodBoxATAppln\target\classes;C:\Users\Durga.S\.m2\repository\junit\junit\4.11\junit-4.11.jar;C:\Users\Durga.S\.m2\repository\org\hamcrest\hamcrest-core\1.3\hamcrest-core-1.3.jar;C:\Users\Durga.S\.m2\repository\org\seleniumhq\selenium\selenium-java\2.45.0\selenium-java-2.45.0.jar;C:\Users\Durga.S\.m2\repository\org\seleniumhq\selenium\selenium-chrome-driver\2.45.0\selenium-chrome-driver-2.45.0.jar;C:\Users\Durga.S\.m2\repository\org\seleniumhq\selenium\selenium-remote-driver\2.45.0\selenium-remote-driver-2.45.0.jar;C:\Users\Durga.S\.m2\repository\cglib\cglib-nodep\2.1_3\cglib-nodep-2.1_3.jar;C:\Users\Durga.S\.m2\repository\com\google\code\gson\gson\2.3.1\gson-2.3.1.jar;C:\Users\Durga.S\.m2\repository\org\seleniumhq\selenium\selenium-api\2.45.0\selenium-api-2.45.0.jar;C:\Users\Durga.S\.m2\repository\com\google\guava\guava\18.0\guava-18.0.jar;C:\Users\Durga.S\.m2\repository\org\seleniumhq\selenium\selenium-htmlunit-driver\2.45.0\selenium-htmlunit-driver-2.45.0.jar;C:\Users\Durga.S\.m2\repository\net\sourceforge\htmlunit\htmlunit\2.15\htmlunit-2.15.jar;C:\Users\Durga.S\.m2\repository\xalan\xalan\2.7.1\xalan-2.7.1.jar;C:\Users\Durga.S\.m2\repository\xalan\serializer\2.7.1\serializer-2.7.1.jar;C:\Users\Durga.S\.m2\repository\commons-collections\commons-collections\3.2.1\commons-collections-3.2.1.jar;C:\Users\Durga.S\.m2\repository\org\apache\commons\commons-lang3\3.3.2\commons-lang3-3.3.2.jar;C:\Users\Durga.S\.m2\repository\org\apache\httpcomponents\httpmime\4.3.3\httpmime-4.3.3.jar;C:\Users\Durga.S\.m2\repository\commons-codec\commons-codec\1.9\commons-codec-1.9.jar;C:\Users\Durga.S\.m2\repository\net\sourceforge\htmlunit\htmlunit-core-js\2.15\htmlunit-core-js-2.15.jar;C:\Users\Durga.S\.m2\repository\xerces\xercesImpl\2.11.0\xercesImpl-2.11.0.jar;C:\Users\Durga.S\.m2\repository\xml-apis\xml-apis\1.4.01\xml-apis-1.4.01.jar;C:\Users\Durga.S\.m2\repository\net\sourceforge\nekohtml\nekohtml\1.9.21\nekohtml-1.9.21.jar;C:\Users\Durga.S\.m2\repository\net\sourceforge\cssparser\cssparser\0.9.14\cssparser-0.9.14.jar;C:\Users\Durga.S\.m2\repository\org\w3c\css\sac\1.3\sac-1.3.jar;C:\Users\Durga.S\.m2\repository\commons-logging\commons-logging\1.1.3\commons-logging-1.1.3.jar;C:\Users\Durga.S\.m2\repository\org\eclipse\jetty\jetty-websocket\8.1.15.v20140411\jetty-websocket-8.1.15.v20140411.jar;C:\Users\Durga.S\.m2\repository\org\eclipse\jetty\jetty-util\8.1.15.v20140411\jetty-util-8.1.15.v20140411.jar;C:\Users\Durga.S\.m2\repository\org\eclipse\jetty\jetty-io\8.1.15.v20140411\jetty-io-8.1.15.v20140411.jar;C:\Users\Durga.S\.m2\repository\org\eclipse\jetty\jetty-http\8.1.15.v20140411\jetty-http-8.1.15.v20140411.jar;C:\Users\Durga.S\.m2\repository\org\apache\httpcomponents\httpclient\4.3.6\httpclient-4.3.6.jar;C:\Users\Durga.S\.m2\repository\org\apache\httpcomponents\httpcore\4.3.3\httpcore-4.3.3.jar;C:\Users\Durga.S\.m2\repository\org\seleniumhq\selenium\selenium-firefox-driver\2.45.0\selenium-firefox-driver-2.45.0.jar;C:\Users\Durga.S\.m2\repository\commons-io\commons-io\2.4\commons-io-2.4.jar;C:\Users\Durga.S\.m2\repository\org\apache\commons\commons-exec\1.1\commons-exec-1.1.jar;C:\Users\Durga.S\.m2\repository\org\seleniumhq\selenium\selenium-ie-driver\2.45.0\selenium-ie-driver-2.45.0.jar;C:\Users\Durga.S\.m2\repository\net\java\dev\jna\jna\3.4.0\jna-3.4.0.jar;C:\Users\Durga.S\.m2\repository\net\java\dev\jna\platform\3.4.0\platform-3.4.0.jar;C:\Users\Durga.S\.m2\repository\org\seleniumhq\selenium\selenium-safari-driver\2.45.0\selenium-safari-driver-2.45.0.jar;C:\Users\Durga.S\.m2\repository\org\seleniumhq\selenium\selenium-support\2.45.0\selenium-support-2.45.0.jar;C:\Users\Durga.S\.m2\repository\org\webbitserver\webbit\0.4.14\webbit-0.4.14.jar;C:\Users\Durga.S\.m2\repository\io\netty\netty\3.5.2.Final\netty-3.5.2.Final.jar;C:\Users\Durga.S\.m2\repository\org\seleniumhq\selenium\selenium-leg-rc\2.45.0\selenium-leg-rc-2.45.0.jar;C:\Users\Durga.S\.m2\repository\org\testng\testng\6.14.2\testng-6.14.2.jar;C:\Users\Durga.S\.m2\repository\com\beust\jcommander\1.72\jcommander-1.72.jar;C:\Users\Durga.S\.m2\repository\org\apache-extras\beanshell\bsh\2.0b6\bsh-2.0b6.jar;"/>
    <property name="sun.cpu.endian" value="little"/>
    <property name="user.home" value="C:\Users\Durga.S"/>
    <property name="user.language" value="en"/>
    <property name="java.specification.vendor" value="Oracle Corporation"/>
    <property name="java.version.date" value="2021-04-20"/>
    <property name="java.home" value="C:\Program Files\Java\jdk-11.0.11"/>
    <property name="file.separator" value="\"/>
    <property name="basedir" value="D:\java\Workspace\FoodBoxATAppln"/>
    <property name="java.vm.compressedOopsMode" value="Zero based"/>
    <property name="line.separator" value="&#10;"/>
    <property name="java.specification.name" value="Java Platform API Specification"/>
    <property name="java.vm.specification.vendor" value="Oracle Corporation"/>
    <property name="java.awt.graphicsenv" value="sun.awt.Win32GraphicsEnvironment"/>
    <property name="surefire.real.class.path" value="C:\Users\Durga.S\AppData\Local\Temp\surefire1895345771784180494\surefirebooter13369653895952052367.jar"/>
    <property name="user.script" value=""/>
    <property name="sun.management.compiler" value="HotSpot 64-Bit Tiered Compilers"/>
    <property name="java.runtime.version" value="11.0.11+9-LTS-194"/>
    <property name="user.name" value="Durga.S"/>
    <property name="path.separator" value=";"/>
    <property name="os.version" value="10.0"/>
    <property name="java.runtime.name" value="Java(TM) SE Runtime Environment"/>
    <property name="file.encoding" value="Cp1252"/>
    <property name="java.vm.name" value="Java HotSpot(TM) 64-Bit Server VM"/>
    <property name="java.vendor.version" value="18.9"/>
    <property name="localRepository" value="C:\Users\Durga.S\.m2\repository"/>
    <property name="java.vendor.url.bug" value="https://bugreport.java.com/bugreport/"/>
    <property name="java.io.tmpdir" value="C:\Users\Durga.S\AppData\Local\Temp\"/>
    <property name="java.version" value="11.0.11"/>
    <property name="user.dir" value="D:\java\Workspace\FoodBoxATAppln"/>
    <property name="os.arch" value="amd64"/>
    <property name="java.vm.specification.name" value="Java Virtual Machine Specification"/>
    <property name="java.awt.printerjob" value="sun.awt.windows.WPrinterJob"/>
    <property name="sun.os.patch.level" value=""/>
    <property name="java.library.path" value="C:\Program Files\Java\jdk-11.0.11\bin;C:\Windows\Sun\Java\bin;C:\Windows\system32;C:\Windows;C:\Users\Durga.S\.jenkins\tools\hudson.tasks.Maven_MavenInstallation\Maven/bin;C:\Program Files\Java\jdk-11.0.11/bin;C:\Program Files\Java\jdk-11.0.11/bin;C:\Program Files\Common Files\Oracle\Java\javapath;C:\Windows\system32;C:\Windows;C:\Windows\System32\Wbem;C:\Windows\System32\WindowsPowerShell\v1.0\;C:\Windows\System32\OpenSSH\;C:\Program Files\Git\cmd;C:\Program Files\nodejs\;C:\Program Files\MongoDB\Server\5.0\bin;C:\Program Files\MySQL\MySQL Shell 8.0\bin\;C:\Users\Durga.S\AppData\Local\Microsoft\WindowsApps;C:\Windows\System32;;C:\Users\Durga.S\AppData\Local\Programs\Microsoft VS Code\bin;C:\Users\Durga.S\AppData\Roaming\npm;."/>
    <property name="java.vendor" value="Oracle Corporation"/>
    <property name="java.vm.info" value="mixed mode"/>
    <property name="java.vm.version" value="11.0.11+9-LTS-194"/>
    <property name="sun.io.unicode.encoding" value="UnicodeLittle"/>
    <property name="java.class.version" value="55.0"/>
  </properties>
  <testcase name="clickAddToCart" classname="com.simplilearn.capstoneproject.FoodBoxATAppln.tests.foodmenuPageTest" time="3.679"/>
  <testcase name="clickCuisine" classname="com.simplilearn.capstoneproject.FoodBoxATAppln.tests.foodmenuPageTest" time="0.684"/>
  <testcase name="clickRedirectToCartPage" classname="com.simplilearn.capstoneproject.FoodBoxATAppln.tests.foodmenuPageTest" time="0.786"/>
  <testcase name="clickandvalidateFoodMenuLink" classname="com.simplilearn.capstoneproject.FoodBoxATAppln.tests.homePageTest" time="0.54"/>
  <testcase name="clickandvalidateLoginLink" classname="com.simplilearn.capstoneproject.FoodBoxATAppln.tests.homePageTest" time="0.693"/>
  <testcase name="clickandvalidateSignupLink" classname="com.simplilearn.capstoneproject.FoodBoxATAppln.tests.homePageTest" time="0.502"/>
  <testcase name="validateAdminLoginWithValidCreds" classname="com.simplilearn.capstoneproject.FoodBoxATAppln.tests.loginPageTest" time="0.766"/>
  <testcase name="validateUserLoginWithInValidCreds" classname="com.simplilearn.capstoneproject.FoodBoxATAppln.tests.loginPageTest" time="0.802"/>
  <testcase name="validateUserLoginWithValidCreds" classname="com.simplilearn.capstoneproject.FoodBoxATAppln.tests.loginPageTest" time="0.781"/>
  <testcase name="addnewCuisine" classname="com.simplilearn.capstoneproject.FoodBoxATAppln.tests.managecuisinesPageTest" time="0.669"/>
  <testcase name="validateFoodname" classname="com.simplilearn.capstoneproject.FoodBoxATAppln.tests.newfoodAddPageTest" time="1.666"/>
  <testcase name="validateFoodprice" classname="com.simplilearn.capstoneproject.FoodBoxATAppln.tests.newfoodAddPageTest" time="1.53"/>
  <testcase name="updatePwdTest" classname="com.simplilearn.capstoneproject.FoodBoxATAppln.tests.pwdchangePageTest" time="1.041"/>
  <testcase name="clickCheckout" classname="com.simplilearn.capstoneproject.FoodBoxATAppln.tests.shoppingcartPageTest" time="0.731"/>
  <testcase name="incQtyandCheck" classname="com.simplilearn.capstoneproject.FoodBoxATAppln.tests.shoppingcartPageTest" time="0.737"/>
  <testcase name="registerValidateAddress" classname="com.simplilearn.capstoneproject.FoodBoxATAppln.tests.signupPageTest" time="1.458"/>
  <testcase name="registerValidateContactNo" classname="com.simplilearn.capstoneproject.FoodBoxATAppln.tests.signupPageTest" time="1.595"/>
  <testcase name="searchFooditem" classname="com.simplilearn.capstoneproject.FoodBoxATAppln.tests.foodmenuPageTest" time="0.95"/>
  <testcase name="addExistingCuisine" classname="com.simplilearn.capstoneproject.FoodBoxATAppln.tests.managecuisinesPageTest" time="0.765"/>
  <testcase name="decrQtyandCheck" classname="com.simplilearn.capstoneproject.FoodBoxATAppln.tests.shoppingcartPageTest" time="0.852"/>
</testsuite>