<?xml version="1.0" encoding="UTF-8"?>
<!-- Generated by org.testng.reporters.JUnitReportReporter -->
<testsuite hostname="SIVA-SAMSUNGS3" failures="0" tests="3" name="com.simplilearn.capstoneproject.FoodBoxATAppln.tests.loginPageTest" time="2.599" errors="0" timestamp="12 Oct 2021 20:12:33 GMT" skipped="0">
  <testcase classname="com.simplilearn.capstoneproject.FoodBoxATAppln.tests.loginPageTest" name="validateUserLoginWithInValidCreds" time="0.949"/>
  <testcase classname="com.simplilearn.capstoneproject.FoodBoxATAppln.tests.loginPageTest" name="validateAdminLoginWithValidCreds" time="0.881"/>
  <testcase classname="com.simplilearn.capstoneproject.FoodBoxATAppln.tests.loginPageTest" name="validateUserLoginWithValidCreds" time="0.769"/>
</testsuite> <!-- com.simplilearn.capstoneproject.FoodBoxATAppln.tests.loginPageTest -->
