<?xml version="1.0" encoding="UTF-8"?>
<!-- Generated by org.testng.reporters.JUnitReportReporter -->
<testsuite hostname="SIVA-SAMSUNGS3" failures="0" tests="2" name="com.simplilearn.capstoneproject.FoodBoxATAppln.tests.addfoodPageTest" time="4.462" errors="0" timestamp="12 Oct 2021 19:19:43 GMT" skipped="0">
  <testcase classname="com.simplilearn.capstoneproject.FoodBoxATAppln.tests.addfoodPageTest" name="validateFoodprice" time="1.495"/>
  <testcase classname="com.simplilearn.capstoneproject.FoodBoxATAppln.tests.addfoodPageTest" name="validateFoodname" time="2.967"/>
</testsuite> <!-- com.simplilearn.capstoneproject.FoodBoxATAppln.tests.addfoodPageTest -->
