<?xml version="1.0" encoding="UTF-8"?>
<!-- Generated by org.testng.reporters.JUnitReportReporter -->
<testsuite hostname="SIVA-SAMSUNGS3" failures="0" tests="4" name="com.simplilearn.capstoneproject.FoodBoxATAppln.tests.foodmenuPageTest" time="7.375" errors="0" timestamp="12 Oct 2021 20:12:33 GMT" skipped="0">
  <testcase classname="com.simplilearn.capstoneproject.FoodBoxATAppln.tests.foodmenuPageTest" name="clickRedirectToCartPage" time="1.648"/>
  <testcase classname="com.simplilearn.capstoneproject.FoodBoxATAppln.tests.foodmenuPageTest" name="clickCuisine" time="1.072"/>
  <testcase classname="com.simplilearn.capstoneproject.FoodBoxATAppln.tests.foodmenuPageTest" name="clickAddToCart" time="3.448"/>
  <testcase classname="com.simplilearn.capstoneproject.FoodBoxATAppln.tests.foodmenuPageTest" name="searchFooditem" time="1.207"/>
</testsuite> <!-- com.simplilearn.capstoneproject.FoodBoxATAppln.tests.foodmenuPageTest -->
