<?xml version="1.0" encoding="UTF-8"?>
<!-- Generated by org.testng.reporters.JUnitReportReporter -->
<testsuite hostname="SIVA-SAMSUNGS3" failures="0" tests="2" name="com.simplilearn.capstoneproject.FoodBoxATAppln.tests.managecuisinesPageTest" time="1.434" errors="0" timestamp="15 Oct 2021 06:03:53 GMT" skipped="0">
  <testcase classname="com.simplilearn.capstoneproject.FoodBoxATAppln.tests.managecuisinesPageTest" name="addnewCuisine" time="0.670"/>
  <testcase classname="com.simplilearn.capstoneproject.FoodBoxATAppln.tests.managecuisinesPageTest" name="addExistingCuisine" time="0.764"/>
</testsuite> <!-- com.simplilearn.capstoneproject.FoodBoxATAppln.tests.managecuisinesPageTest -->
