<?xml version="1.0" encoding="UTF-8"?>
<!-- Generated by org.testng.reporters.JUnitReportReporter -->
<testsuite hostname="SIVA-SAMSUNGS3" failures="0" tests="3" name="com.simplilearn.capstoneproject.FoodBoxATAppln.tests.homePageTest" time="2.007" errors="0" timestamp="12 Oct 2021 20:12:33 GMT" skipped="0">
  <testcase classname="com.simplilearn.capstoneproject.FoodBoxATAppln.tests.homePageTest" name="clickandvalidateFoodMenuLink" time="0.658"/>
  <testcase classname="com.simplilearn.capstoneproject.FoodBoxATAppln.tests.homePageTest" name="clickandvalidateLoginLink" time="0.708"/>
  <testcase classname="com.simplilearn.capstoneproject.FoodBoxATAppln.tests.homePageTest" name="clickandvalidateSignupLink" time="0.641"/>
</testsuite> <!-- com.simplilearn.capstoneproject.FoodBoxATAppln.tests.homePageTest -->
