<?xml version="1.0" encoding="UTF-8"?>
<!-- Generated by org.testng.reporters.JUnitReportReporter -->
<testsuite hostname="SIVA-SAMSUNGS3" failures="0" tests="3" name="com.simplilearn.capstoneproject.FoodBoxATAppln.tests.homePageTest" time="1.733" errors="0" timestamp="15 Oct 2021 06:03:53 GMT" skipped="0">
  <testcase classname="com.simplilearn.capstoneproject.FoodBoxATAppln.tests.homePageTest" name="clickandvalidateFoodMenuLink" time="0.539"/>
  <testcase classname="com.simplilearn.capstoneproject.FoodBoxATAppln.tests.homePageTest" name="clickandvalidateSignupLink" time="0.502"/>
  <testcase classname="com.simplilearn.capstoneproject.FoodBoxATAppln.tests.homePageTest" name="clickandvalidateLoginLink" time="0.692"/>
</testsuite> <!-- com.simplilearn.capstoneproject.FoodBoxATAppln.tests.homePageTest -->
