<?xml version="1.0" encoding="UTF-8"?>
<!-- Generated by org.testng.reporters.JUnitReportReporter -->
<testsuite hostname="SIVA-SAMSUNGS3" failures="0" tests="1" name="com.simplilearn.capstoneproject.FoodBoxATAppln.tests.pwdchangePageTest" time="1.106" errors="0" timestamp="12 Oct 2021 20:12:33 GMT" skipped="0">
  <testcase classname="com.simplilearn.capstoneproject.FoodBoxATAppln.tests.pwdchangePageTest" name="validateFoodname" time="1.106"/>
</testsuite> <!-- com.simplilearn.capstoneproject.FoodBoxATAppln.tests.pwdchangePageTest -->
