<?xml version="1.0" encoding="UTF-8"?>
<!-- Generated by org.testng.reporters.JUnitReportReporter -->
<testsuite hostname="SIVA-SAMSUNGS3" failures="0" tests="3" name="com.simplilearn.capstoneproject.FoodBoxATAppln.tests.loginPageTest" time="2.343" errors="0" timestamp="15 Oct 2021 06:03:53 GMT" skipped="0">
  <testcase classname="com.simplilearn.capstoneproject.FoodBoxATAppln.tests.loginPageTest" name="validateUserLoginWithValidCreds" time="0.774"/>
  <testcase classname="com.simplilearn.capstoneproject.FoodBoxATAppln.tests.loginPageTest" name="validateUserLoginWithInValidCreds" time="0.802"/>
  <testcase classname="com.simplilearn.capstoneproject.FoodBoxATAppln.tests.loginPageTest" name="validateAdminLoginWithValidCreds" time="0.767"/>
</testsuite> <!-- com.simplilearn.capstoneproject.FoodBoxATAppln.tests.loginPageTest -->
