<?xml version="1.0" encoding="UTF-8"?>
<!-- Generated by org.testng.reporters.JUnitReportReporter -->
<testsuite hostname="SIVA-SAMSUNGS3" failures="0" tests="3" name="com.simplilearn.capstoneproject.FoodBoxATAppln.tests.shoppingcartPageTest" time="3.049" errors="0" timestamp="12 Oct 2021 20:12:33 GMT" skipped="0">
  <testcase classname="com.simplilearn.capstoneproject.FoodBoxATAppln.tests.shoppingcartPageTest" name="incQtyandCheck" time="0.930"/>
  <testcase classname="com.simplilearn.capstoneproject.FoodBoxATAppln.tests.shoppingcartPageTest" name="clickCheckout" time="0.873"/>
  <testcase classname="com.simplilearn.capstoneproject.FoodBoxATAppln.tests.shoppingcartPageTest" name="decrQtyandCheck" time="1.246"/>
</testsuite> <!-- com.simplilearn.capstoneproject.FoodBoxATAppln.tests.shoppingcartPageTest -->
