<?xml version="1.0" encoding="UTF-8"?>
<!-- Generated by org.testng.reporters.JUnitReportReporter -->
<testsuite hostname="SIVA-SAMSUNGS3" failures="0" tests="4" name="com.simplilearn.capstoneproject.FoodBoxATAppln.tests.foodmenuPageTest" time="6.101" errors="0" timestamp="15 Oct 2021 06:03:53 GMT" skipped="0">
  <testcase classname="com.simplilearn.capstoneproject.FoodBoxATAppln.tests.foodmenuPageTest" name="clickRedirectToCartPage" time="0.786"/>
  <testcase classname="com.simplilearn.capstoneproject.FoodBoxATAppln.tests.foodmenuPageTest" name="clickAddToCart" time="3.677"/>
  <testcase classname="com.simplilearn.capstoneproject.FoodBoxATAppln.tests.foodmenuPageTest" name="clickCuisine" time="0.687"/>
  <testcase classname="com.simplilearn.capstoneproject.FoodBoxATAppln.tests.foodmenuPageTest" name="searchFooditem" time="0.951"/>
</testsuite> <!-- com.simplilearn.capstoneproject.FoodBoxATAppln.tests.foodmenuPageTest -->
