<?xml version="1.0" encoding="UTF-8"?>
<!-- Generated by org.testng.reporters.JUnitReportReporter -->
<testsuite hostname="SIVA-SAMSUNGS3" failures="0" tests="1" name="com.simplilearn.capstoneproject.FoodBoxATAppln.tests.pwdchangePageTest" time="1.040" errors="0" timestamp="15 Oct 2021 06:03:53 GMT" skipped="0">
  <testcase classname="com.simplilearn.capstoneproject.FoodBoxATAppln.tests.pwdchangePageTest" name="updatePwdTest" time="1.040"/>
</testsuite> <!-- com.simplilearn.capstoneproject.FoodBoxATAppln.tests.pwdchangePageTest -->
