<?xml version="1.0" encoding="UTF-8"?>
<!-- Generated by org.testng.reporters.JUnitReportReporter -->
<testsuite hostname="SIVA-SAMSUNGS3" failures="0" tests="2" name="com.simplilearn.capstoneproject.FoodBoxATAppln.tests.signupPageTest" time="3.276" errors="0" timestamp="12 Oct 2021 20:12:34 GMT" skipped="0">
  <testcase classname="com.simplilearn.capstoneproject.FoodBoxATAppln.tests.signupPageTest" name="registerValidateContactNo" time="1.685"/>
  <testcase classname="com.simplilearn.capstoneproject.FoodBoxATAppln.tests.signupPageTest" name="registerValidateAddress" time="1.591"/>
</testsuite> <!-- com.simplilearn.capstoneproject.FoodBoxATAppln.tests.signupPageTest -->
