<?xml version="1.0" encoding="UTF-8"?>
<!-- Generated by org.testng.reporters.JUnitReportReporter -->
<testsuite hostname="SIVA-SAMSUNGS3" failures="0" tests="2" name="com.simplilearn.capstoneproject.FoodBoxATAppln.tests.signupPageTest" time="3.051" errors="0" timestamp="15 Oct 2021 06:03:53 GMT" skipped="0">
  <testcase classname="com.simplilearn.capstoneproject.FoodBoxATAppln.tests.signupPageTest" name="registerValidateAddress" time="1.457"/>
  <testcase classname="com.simplilearn.capstoneproject.FoodBoxATAppln.tests.signupPageTest" name="registerValidateContactNo" time="1.594"/>
</testsuite> <!-- com.simplilearn.capstoneproject.FoodBoxATAppln.tests.signupPageTest -->
