<?xml version="1.0" encoding="UTF-8"?>
<!-- Generated by org.testng.reporters.JUnitReportReporter -->
<testsuite hostname="SIVA-SAMSUNGS3" failures="0" tests="3" name="com.simplilearn.capstoneproject.FoodBoxATAppln.tests.shoppingcartPageTest" time="2.319" errors="0" timestamp="15 Oct 2021 06:03:53 GMT" skipped="0">
  <testcase classname="com.simplilearn.capstoneproject.FoodBoxATAppln.tests.shoppingcartPageTest" name="clickCheckout" time="0.730"/>
  <testcase classname="com.simplilearn.capstoneproject.FoodBoxATAppln.tests.shoppingcartPageTest" name="incQtyandCheck" time="0.737"/>
  <testcase classname="com.simplilearn.capstoneproject.FoodBoxATAppln.tests.shoppingcartPageTest" name="decrQtyandCheck" time="0.852"/>
</testsuite> <!-- com.simplilearn.capstoneproject.FoodBoxATAppln.tests.shoppingcartPageTest -->
